<?xml version="1.0" encoding="UTF-8"?>
<!-- Generated by org.testng.reporters.JUnitXMLReporter -->
<testsuite hostname="DESKTOP-UBA01OH" ignored="0" name="Ecommerce Home" tests="1" failures="0" timestamp="07 Jul 2022 04:37:12 GMT" time="0.129" errors="0">
  <testcase name="@BeforeMethod setUp" time="0.105" classname="com.wali.browserdriver.BrowserDriver">
    <failure type="java.lang.IllegalStateException" message="The driver executable does not exist: D:\d\IdeaProjects\QAAE2201\QAAE2201-Assignments\WebAutomationWali\utilities\drivers\windows\chromedriver.exe">
      <![CDATA[java.lang.IllegalStateException: The driver executable does not exist: D:\d\IdeaProjects\QAAE2201\QAAE2201-Assignments\WebAutomationWali\utilities\drivers\windows\chromedriver.exe
at com.google.common.base.Preconditions.checkState(Preconditions.java:585)
at org.openqa.selenium.remote.service.DriverService.checkExecutable(DriverService.java:146)
at org.openqa.selenium.remote.service.DriverService.findExecutable(DriverService.java:141)
at org.openqa.selenium.chrome.ChromeDriverService.access$000(ChromeDriverService.java:35)
at org.openqa.selenium.chrome.ChromeDriverService$Builder.findDefaultExecutable(ChromeDriverService.java:159)
at org.openqa.selenium.remote.service.DriverService$Builder.build(DriverService.java:355)
at org.openqa.selenium.chrome.ChromeDriverService.createDefaultService(ChromeDriverService.java:94)
at org.openqa.selenium.chrome.ChromeDriver.<init>(ChromeDriver.java:157)
at com.wali.browserdriver.BrowserDriver.getChromeDriver(BrowserDriver.java:186)
at com.wali.browserdriver.BrowserDriver.setUp(BrowserDriver.java:139)
... Removed 32 stack frames]]>
    </failure>
  </testcase> <!-- @BeforeMethod setUp -->
  <testcase name="@BeforeMethod startExtent" time="0.0" classname="com.wali.browserdriver.BrowserDriver">
    <skipped/>
  </testcase> <!-- @BeforeMethod startExtent -->
  <testcase name="@BeforeMethod initializeElements" time="0.0" classname="pageobjectstests.HomePageTest">
    <skipped/>
  </testcase> <!-- @BeforeMethod initializeElements -->
  <testcase name="@AfterMethod afterEachTestMethod" time="0.0" classname="com.wali.browserdriver.BrowserDriver">
    <skipped/>
  </testcase> <!-- @AfterMethod afterEachTestMethod -->
  <testcase name="@AfterMethod cleanUP" time="0.0" classname="com.wali.browserdriver.BrowserDriver">
    <skipped/>
  </testcase> <!-- @AfterMethod cleanUP -->
  <testcase name="searchTest" time="0.0" classname="pageobjectstests.HomePageTest">
    <skipped/>
  </testcase> <!-- searchTest -->
</testsuite> <!-- Ecommerce Home -->
